[debug] [2024-12-02T14:30:52.200Z] ----------------------------------------------------------------------
[debug] [2024-12-02T14:30:52.206Z] Command:       C:\Users\Local Admin\.nvm\versions\node\v22.11.0\bin\node.exe C:\Users\Local Admin\AppData\Roaming\npm\node_modules\firebase-tools\lib\bin\firebase.js emulators:start --only functions
[debug] [2024-12-02T14:30:52.207Z] CLI Version:   13.27.0
[debug] [2024-12-02T14:30:52.208Z] Platform:      win32
[debug] [2024-12-02T14:30:52.208Z] Node Version:  v22.11.0
[debug] [2024-12-02T14:30:52.209Z] Time:          Mon Dec 02 2024 17:30:52 GMT+0300 (East Africa Time)
[debug] [2024-12-02T14:30:52.209Z] ----------------------------------------------------------------------
[debug] 
[debug] [2024-12-02T14:30:52.219Z] >>> [apiv2][query] GET https://firebase-public.firebaseio.com/cli.json [none]
[debug] [2024-12-02T14:30:52.433Z] > command requires scopes: ["email","openid","https://www.googleapis.com/auth/cloudplatformprojects.readonly","https://www.googleapis.com/auth/firebase","https://www.googleapis.com/auth/cloud-platform"]
[debug] [2024-12-02T14:30:52.434Z] > authorizing via signed-in user (abebaw1616@gmail.com)
[info] i  emulators: Starting emulators: functions {"metadata":{"emulator":{"name":"hub"},"message":"Starting emulators: functions"}}
[debug] [2024-12-02T14:30:52.451Z] [logging] Logging Emulator only supports listening on one address (127.0.0.1). Not listening on ::1
[debug] [2024-12-02T14:30:52.452Z] assigned listening specs for emulators {"user":{"hub":[{"address":"127.0.0.1","family":"IPv4","port":4400},{"address":"::1","family":"IPv6","port":4400}],"ui":[{"address":"127.0.0.1","family":"IPv4","port":4000},{"address":"::1","family":"IPv6","port":4000}],"logging":[{"address":"127.0.0.1","family":"IPv4","port":4500}]},"metadata":{"message":"assigned listening specs for emulators"}}
[debug] [2024-12-02T14:30:52.462Z] [hub] writing locator at C:\Users\LOCALA~1\AppData\Local\Temp\hub-clon-2024.json
[debug] [2024-12-02T14:30:52.503Z] [functions] Functions Emulator only supports listening on one address (127.0.0.1). Not listening on ::1
[debug] [2024-12-02T14:30:52.504Z] [eventarc] Eventarc Emulator only supports listening on one address (127.0.0.1). Not listening on ::1
[debug] [2024-12-02T14:30:52.504Z] [tasks] Cloud Tasks Emulator only supports listening on one address (127.0.0.1). Not listening on ::1
[debug] [2024-12-02T14:30:52.504Z] late-assigned ports for functions and eventarc emulators {"user":{"hub":[{"address":"127.0.0.1","family":"IPv4","port":4400},{"address":"::1","family":"IPv6","port":4400}],"ui":[{"address":"127.0.0.1","family":"IPv4","port":4000},{"address":"::1","family":"IPv6","port":4000}],"logging":[{"address":"127.0.0.1","family":"IPv4","port":4500}],"functions":[{"address":"127.0.0.1","family":"IPv4","port":5001}],"eventarc":[{"address":"127.0.0.1","family":"IPv4","port":9299}],"tasks":[{"address":"127.0.0.1","family":"IPv4","port":9499}]},"metadata":{"message":"late-assigned ports for functions and eventarc emulators"}}
[warn] !  functions: The following emulators are not running, calls to these services from the Functions emulator will affect production: apphosting, auth, firestore, database, hosting, pubsub, storage, dataconnect {"metadata":{"emulator":{"name":"functions"},"message":"The following emulators are not running, calls to these services from the Functions emulator will affect production: \u001b[1mapphosting, auth, firestore, database, hosting, pubsub, storage, dataconnect\u001b[22m"}}
[debug] [2024-12-02T14:30:52.511Z] defaultcredentials: writing to file C:\Users\Local Admin\AppData\Roaming\firebase\abebaw1616_gmail_com_application_default_credentials.json
[debug] [2024-12-02T14:30:52.517Z] Setting GAC to C:\Users\Local Admin\AppData\Roaming\firebase\abebaw1616_gmail_com_application_default_credentials.json {"metadata":{"emulator":{"name":"functions"},"message":"Setting GAC to C:\\Users\\Local Admin\\AppData\\Roaming\\firebase\\abebaw1616_gmail_com_application_default_credentials.json"}}
[debug] [2024-12-02T14:30:52.519Z] Checked if tokens are valid: false, expires at: 1732715112384
[debug] [2024-12-02T14:30:52.520Z] Checked if tokens are valid: false, expires at: 1732715112384
[debug] [2024-12-02T14:30:52.520Z] > refreshing access token with scopes: []
[debug] [2024-12-02T14:30:52.521Z] >>> [apiv2][query] POST https://www.googleapis.com/oauth2/v3/token [none]
[debug] [2024-12-02T14:30:52.522Z] >>> [apiv2][body] POST https://www.googleapis.com/oauth2/v3/token [omitted]
[debug] [2024-12-02T14:30:53.419Z] <<< [apiv2][status] GET https://firebase-public.firebaseio.com/cli.json 200
[debug] [2024-12-02T14:30:53.419Z] <<< [apiv2][body] GET https://firebase-public.firebaseio.com/cli.json {"cloudBuildErrorAfter":1594252800000,"cloudBuildWarnAfter":1590019200000,"defaultNode10After":1594252800000,"minVersion":"3.0.5","node8DeploysDisabledAfter":1613390400000,"node8RuntimeDisabledAfter":1615809600000,"node8WarnAfter":1600128000000}
[debug] [2024-12-02T14:30:54.741Z] <<< [apiv2][status] POST https://www.googleapis.com/oauth2/v3/token 200
[debug] [2024-12-02T14:30:54.741Z] <<< [apiv2][body] POST https://www.googleapis.com/oauth2/v3/token [omitted]
[debug] [2024-12-02T14:30:54.765Z] >>> [apiv2][query] GET https://firebase.googleapis.com/v1beta1/projects/clon-2024/adminSdkConfig [none]
[debug] [2024-12-02T14:30:55.558Z] <<< [apiv2][status] GET https://firebase.googleapis.com/v1beta1/projects/clon-2024/adminSdkConfig 200
[debug] [2024-12-02T14:30:55.558Z] <<< [apiv2][body] GET https://firebase.googleapis.com/v1beta1/projects/clon-2024/adminSdkConfig {"projectId":"clon-2024","storageBucket":"clon-2024.firebasestorage.app"}
[info] i  functions: Watching "C:\Users\Local Admin\Desktop\amazon\Amazon-Clon-2024\amzon-clon-2024\functions" for Cloud Functions... {"metadata":{"emulator":{"name":"functions"},"message":"Watching \"C:\\Users\\Local Admin\\Desktop\\amazon\\Amazon-Clon-2024\\amzon-clon-2024\\functions\" for Cloud Functions..."}}
[debug] [2024-12-02T14:30:55.625Z] Validating nodejs source
[debug] [2024-12-02T14:30:58.797Z] > [functions] package.json contents: {
  "name": "functions",
  "description": "Cloud Functions for Firebase",
  "scripts": {
    "lint": "eslint .",
    "serve": "firebase emulators:start --only functions",
    "shell": "firebase functions:shell",
    "start": "npm run shell",
    "deploy": "firebase deploy --only functions",
    "logs": "firebase functions:log"
  },
  "engines": {
    "node": "18"
  },
  "main": "index.js",
  "dependencies": {
    "cors": "^2.8.5",
    "dotenv": "^16.4.5",
    "express": "^4.21.1",
    "firebase-admin": "^12.6.0",
    "firebase-functions": "^6.0.1",
    "stripe": "^17.4.0"
  },
  "devDependencies": {
    "eslint": "^8.15.0",
    "eslint-config-google": "^0.14.0",
    "firebase-functions-test": "^3.1.0"
  },
  "private": true
}
[debug] [2024-12-02T14:30:58.797Z] Building nodejs source
[debug] [2024-12-02T14:30:58.798Z] Failed to find version of module node: reached end of search path C:\Users\Local Admin\Desktop\amazon\Amazon-Clon-2024\amzon-clon-2024\functions\node_modules
[warn] !  functions: Your requested "node" version "18" doesn't match your global version "22". Using node@22 from host. 
[info] i  functions: Loaded environment variables from .env. 
[debug] [2024-12-02T14:30:58.812Z] Could not find functions.yaml. Must use http discovery
[debug] [2024-12-02T14:30:58.839Z] Found firebase-functions binary at 'C:\Users\Local Admin\Desktop\amazon\Amazon-Clon-2024\amzon-clon-2024\functions\node_modules\.bin\firebase-functions'
[info] Serving at port 8891

[debug] [2024-12-02T14:31:01.138Z] Got response from /__/functions.yaml {"endpoints":{"api":{"availableMemoryMb":null,"timeoutSeconds":null,"minInstances":null,"maxInstances":null,"ingressSettings":null,"concurrency":null,"serviceAccountEmail":null,"vpc":null,"platform":"gcfv2","labels":{},"httpsTrigger":{},"entryPoint":"api"}},"specVersion":"v1alpha1","requiredAPIs":[],"extensions":{}}
[info] +  functions: Loaded functions definitions from source: api. {"metadata":{"emulator":{"name":"functions"},"message":"Loaded functions definitions from source: api."}}
[info] +  functions[us-central1-api]: http function initialized (http://127.0.0.1:5001/clon-2024/us-central1/api). {"metadata":{"emulator":{"name":"functions"},"message":"\u001b[1mhttp\u001b[22m function initialized (http://127.0.0.1:5001/clon-2024/us-central1/api)."}}
[debug] [2024-12-02T14:31:05.200Z] Could not find VSCode notification endpoint: FetchError: request to http://localhost:40001/vscode/notify failed, reason: . If you are not running the Firebase Data Connect VSCode extension, this is expected and not an issue.
[info] 
┌─────────────────────────────────────────────────────────────┐
│ ✔  All emulators ready! It is now safe to connect your app. │
│ i  View Emulator UI at http://127.0.0.1:4000/               │
└─────────────────────────────────────────────────────────────┘

┌───────────┬────────────────┬─────────────────────────────────┐
│ Emulator  │ Host:Port      │ View in Emulator UI             │
├───────────┼────────────────┼─────────────────────────────────┤
│ Functions │ 127.0.0.1:5001 │ http://127.0.0.1:4000/functions │
└───────────┴────────────────┴─────────────────────────────────┘
  Emulator Hub running at 127.0.0.1:4400
  Other reserved ports: 4500

Issues? Report them at https://github.com/firebase/firebase-tools/issues and attach the *-debug.log files.
 
[debug] [2024-12-02T14:33:19.412Z] [work-queue] {"queuedWork":["/clon-2024/us-central1/api-2024-12-02T14:33:19.411Z"],"queueLength":1,"runningWork":[],"workRunningCount":0}
[debug] [2024-12-02T14:33:19.413Z] [work-queue] {"queuedWork":[],"queueLength":0,"runningWork":["/clon-2024/us-central1/api-2024-12-02T14:33:19.411Z"],"workRunningCount":1}
[debug] [2024-12-02T14:33:19.414Z] Accepted request GET /clon-2024/us-central1/api --> us-central1-api
[debug] [2024-12-02T14:33:19.421Z] [functions] Runtime ready! Sending request! {"metadata":{"emulator":{"name":"functions"},"message":"[functions] Runtime ready! Sending request!"}}
[debug] [2024-12-02T14:33:19.422Z] [functions] Got req.url=/clon-2024/us-central1/api, mapping to path=/ {"metadata":{"emulator":{"name":"functions"},"message":"[functions] Got req.url=/clon-2024/us-central1/api, mapping to path=/"}}
[info] i  functions: Loaded environment variables from .env. 
[debug] [2024-12-02T14:33:19.447Z] [worker-pool] addWorker(us-central1-api) {"metadata":{"emulator":{"name":"functions"},"message":"[worker-pool] addWorker(us-central1-api)"}}
[debug] [2024-12-02T14:33:19.449Z] [worker-pool] Adding worker with key us-central1-api, total=1 {"metadata":{"emulator":{"name":"functions"},"message":"[worker-pool] Adding worker with key us-central1-api, total=1"}}
[info] >  (node:4116) [DEP0040] DeprecationWarning: The `punycode` module is deprecated. Please use a userland alternative instead. {"user":"(node:4116) [DEP0040] DeprecationWarning: The `punycode` module is deprecated. Please use a userland alternative instead.","metadata":{"emulator":{"name":"functions"},"function":{"name":"us-central1-api"},"extension":{},"message":"\u001b[90m> \u001b[39m (node:4116) [DEP0040] DeprecationWarning: The `punycode` module is deprecated. Please use a userland alternative instead."}}
[info] >  (Use `node --trace-deprecation ...` to show where the warning was created) {"user":"(Use `node --trace-deprecation ...` to show where the warning was created)","metadata":{"emulator":{"name":"functions"},"function":{"name":"us-central1-api"},"extension":{},"message":"\u001b[90m> \u001b[39m (Use `node --trace-deprecation ...` to show where the warning was created)"}}
[debug] [2024-12-02T14:33:24.371Z] [runtime-status] [4116] Resolved module firebase-admin {"declared":true,"installed":true,"version":"12.7.0","resolution":"C:\\Users\\Local Admin\\Desktop\\amazon\\Amazon-Clon-2024\\amzon-clon-2024\\functions\\node_modules\\firebase-admin\\lib\\index.js"} {"metadata":{"emulator":{"name":"functions"},"function":{"name":"us-central1-api"},"extension":{},"message":"[runtime-status] [4116] Resolved module firebase-admin {\"declared\":true,\"installed\":true,\"version\":\"12.7.0\",\"resolution\":\"C:\\\\Users\\\\Local Admin\\\\Desktop\\\\amazon\\\\Amazon-Clon-2024\\\\amzon-clon-2024\\\\functions\\\\node_modules\\\\firebase-admin\\\\lib\\\\index.js\"}"}}
[debug] [2024-12-02T14:33:24.377Z] [runtime-status] [4116] Resolved module firebase-functions {"declared":true,"installed":true,"version":"6.1.1","resolution":"C:\\Users\\Local Admin\\Desktop\\amazon\\Amazon-Clon-2024\\amzon-clon-2024\\functions\\node_modules\\firebase-functions\\lib\\v2\\index.js"} {"metadata":{"emulator":{"name":"functions"},"function":{"name":"us-central1-api"},"extension":{},"message":"[runtime-status] [4116] Resolved module firebase-functions {\"declared\":true,\"installed\":true,\"version\":\"6.1.1\",\"resolution\":\"C:\\\\Users\\\\Local Admin\\\\Desktop\\\\amazon\\\\Amazon-Clon-2024\\\\amzon-clon-2024\\\\functions\\\\node_modules\\\\firebase-functions\\\\lib\\\\v2\\\\index.js\"}"}}
[debug] [2024-12-02T14:33:24.378Z] [runtime-status] [4116] Outgoing network have been stubbed. [{"name":"http","status":"mocked"},{"name":"http","status":"mocked"},{"name":"https","status":"mocked"},{"name":"https","status":"mocked"},{"name":"net","status":"mocked"}] {"metadata":{"emulator":{"name":"functions"},"function":{"name":"us-central1-api"},"extension":{},"message":"[runtime-status] [4116] Outgoing network have been stubbed. [{\"name\":\"http\",\"status\":\"mocked\"},{\"name\":\"http\",\"status\":\"mocked\"},{\"name\":\"https\",\"status\":\"mocked\"},{\"name\":\"https\",\"status\":\"mocked\"},{\"name\":\"net\",\"status\":\"mocked\"}]"}}
[debug] [2024-12-02T14:33:24.380Z] [runtime-status] [4116] Resolved module firebase-functions {"declared":true,"installed":true,"version":"6.1.1","resolution":"C:\\Users\\Local Admin\\Desktop\\amazon\\Amazon-Clon-2024\\amzon-clon-2024\\functions\\node_modules\\firebase-functions\\lib\\v2\\index.js"} {"metadata":{"emulator":{"name":"functions"},"function":{"name":"us-central1-api"},"extension":{},"message":"[runtime-status] [4116] Resolved module firebase-functions {\"declared\":true,\"installed\":true,\"version\":\"6.1.1\",\"resolution\":\"C:\\\\Users\\\\Local Admin\\\\Desktop\\\\amazon\\\\Amazon-Clon-2024\\\\amzon-clon-2024\\\\functions\\\\node_modules\\\\firebase-functions\\\\lib\\\\v2\\\\index.js\"}"}}
[debug] [2024-12-02T14:33:25.786Z] [runtime-status] [4116] Checked functions.config() {"config":{}} {"metadata":{"emulator":{"name":"functions"},"function":{"name":"us-central1-api"},"extension":{},"message":"[runtime-status] [4116] Checked functions.config() {\"config\":{}}"}}
[debug] [2024-12-02T14:33:25.787Z] [runtime-status] [4116] firebase-functions has been stubbed. {"functionsResolution":{"declared":true,"installed":true,"version":"6.1.1","resolution":"C:\\Users\\Local Admin\\Desktop\\amazon\\Amazon-Clon-2024\\amzon-clon-2024\\functions\\node_modules\\firebase-functions\\lib\\v2\\index.js"}} {"metadata":{"emulator":{"name":"functions"},"function":{"name":"us-central1-api"},"extension":{},"message":"[runtime-status] [4116] firebase-functions has been stubbed. {\"functionsResolution\":{\"declared\":true,\"installed\":true,\"version\":\"6.1.1\",\"resolution\":\"C:\\\\Users\\\\Local Admin\\\\Desktop\\\\amazon\\\\Amazon-Clon-2024\\\\amzon-clon-2024\\\\functions\\\\node_modules\\\\firebase-functions\\\\lib\\\\v2\\\\index.js\"}}"}}
[debug] [2024-12-02T14:33:25.790Z] [runtime-status] [4116] Resolved module firebase-functions {"declared":true,"installed":true,"version":"6.1.1","resolution":"C:\\Users\\Local Admin\\Desktop\\amazon\\Amazon-Clon-2024\\amzon-clon-2024\\functions\\node_modules\\firebase-functions\\lib\\v2\\index.js"} {"metadata":{"emulator":{"name":"functions"},"function":{"name":"us-central1-api"},"extension":{},"message":"[runtime-status] [4116] Resolved module firebase-functions {\"declared\":true,\"installed\":true,\"version\":\"6.1.1\",\"resolution\":\"C:\\\\Users\\\\Local Admin\\\\Desktop\\\\amazon\\\\Amazon-Clon-2024\\\\amzon-clon-2024\\\\functions\\\\node_modules\\\\firebase-functions\\\\lib\\\\v2\\\\index.js\"}"}}
[debug] [2024-12-02T14:33:25.812Z] [runtime-status] [4116] Resolved module firebase-admin {"declared":true,"installed":true,"version":"12.7.0","resolution":"C:\\Users\\Local Admin\\Desktop\\amazon\\Amazon-Clon-2024\\amzon-clon-2024\\functions\\node_modules\\firebase-admin\\lib\\index.js"} {"metadata":{"emulator":{"name":"functions"},"function":{"name":"us-central1-api"},"extension":{},"message":"[runtime-status] [4116] Resolved module firebase-admin {\"declared\":true,\"installed\":true,\"version\":\"12.7.0\",\"resolution\":\"C:\\\\Users\\\\Local Admin\\\\Desktop\\\\amazon\\\\Amazon-Clon-2024\\\\amzon-clon-2024\\\\functions\\\\node_modules\\\\firebase-admin\\\\lib\\\\index.js\"}"}}
[debug] [2024-12-02T14:33:25.823Z] [runtime-status] [4116] Resolved module firebase-functions {"declared":true,"installed":true,"version":"6.1.1","resolution":"C:\\Users\\Local Admin\\Desktop\\amazon\\Amazon-Clon-2024\\amzon-clon-2024\\functions\\node_modules\\firebase-functions\\lib\\v2\\index.js"} {"metadata":{"emulator":{"name":"functions"},"function":{"name":"us-central1-api"},"extension":{},"message":"[runtime-status] [4116] Resolved module firebase-functions {\"declared\":true,\"installed\":true,\"version\":\"6.1.1\",\"resolution\":\"C:\\\\Users\\\\Local Admin\\\\Desktop\\\\amazon\\\\Amazon-Clon-2024\\\\amzon-clon-2024\\\\functions\\\\node_modules\\\\firebase-functions\\\\lib\\\\v2\\\\index.js\"}"}}
[debug] [2024-12-02T14:33:25.825Z] [runtime-status] [4116] firebase-admin has been stubbed. {"adminResolution":{"declared":true,"installed":true,"version":"12.7.0","resolution":"C:\\Users\\Local Admin\\Desktop\\amazon\\Amazon-Clon-2024\\amzon-clon-2024\\functions\\node_modules\\firebase-admin\\lib\\index.js"}} {"metadata":{"emulator":{"name":"functions"},"function":{"name":"us-central1-api"},"extension":{},"message":"[runtime-status] [4116] firebase-admin has been stubbed. {\"adminResolution\":{\"declared\":true,\"installed\":true,\"version\":\"12.7.0\",\"resolution\":\"C:\\\\Users\\\\Local Admin\\\\Desktop\\\\amazon\\\\Amazon-Clon-2024\\\\amzon-clon-2024\\\\functions\\\\node_modules\\\\firebase-admin\\\\lib\\\\index.js\"}}"}}
[debug] [2024-12-02T14:33:26.587Z] [runtime-status] [4116] Functions runtime initialized. {"cwd":"C:\\Users\\Local Admin\\Desktop\\amazon\\Amazon-Clon-2024\\amzon-clon-2024\\functions","node_version":"22.11.0"} {"metadata":{"emulator":{"name":"functions"},"function":{"name":"us-central1-api"},"extension":{},"message":"[runtime-status] [4116] Functions runtime initialized. {\"cwd\":\"C:\\\\Users\\\\Local Admin\\\\Desktop\\\\amazon\\\\Amazon-Clon-2024\\\\amzon-clon-2024\\\\functions\",\"node_version\":\"22.11.0\"}"}}
[debug] [2024-12-02T14:33:26.587Z] [runtime-status] [4116] Listening to port: \\?\pipe\fire_emu_15f691e01be9db95 {"metadata":{"emulator":{"name":"functions"},"function":{"name":"us-central1-api"},"extension":{},"message":"[runtime-status] [4116] Listening to port: \\\\?\\pipe\\fire_emu_15f691e01be9db95"}}
[debug] [2024-12-02T14:33:26.666Z] [worker-us-central1-api-b2084b81-99b3-4d94-ae3d-eb4abda19cdc]: IDLE {"metadata":{"emulator":{"name":"functions"},"function":{"name":"us-central1-api"},"extension":{},"message":"[worker-us-central1-api-b2084b81-99b3-4d94-ae3d-eb4abda19cdc]: IDLE"}}
[debug] [2024-12-02T14:33:26.667Z] [worker-pool] submitRequest(triggerId=us-central1-api) {"metadata":{"emulator":{"name":"functions"},"message":"[worker-pool] submitRequest(triggerId=us-central1-api)"}}
[info] i  functions: Beginning execution of "us-central1-api" {"metadata":{"emulator":{"name":"functions"},"function":{"name":"us-central1-api"},"extension":{},"message":"Beginning execution of \"us-central1-api\""}}
[debug] [2024-12-02T14:33:26.669Z] [worker-us-central1-api-b2084b81-99b3-4d94-ae3d-eb4abda19cdc]: BUSY {"metadata":{"emulator":{"name":"functions"},"function":{"name":"us-central1-api"},"extension":{},"message":"[worker-us-central1-api-b2084b81-99b3-4d94-ae3d-eb4abda19cdc]: BUSY"}}
[debug] [2024-12-02T14:33:26.684Z] Finishing up request with event=pause {"metadata":{"emulator":{"name":"functions"},"function":{"name":"us-central1-api"},"extension":{},"message":"Finishing up request with event=pause"}}
[info] i  functions: Finished "us-central1-api" in 15.380371ms {"metadata":{"emulator":{"name":"functions"},"function":{"name":"us-central1-api"},"extension":{},"message":"Finished \"us-central1-api\" in 15.380371ms"}}
[debug] [2024-12-02T14:33:26.685Z] [worker-us-central1-api-b2084b81-99b3-4d94-ae3d-eb4abda19cdc]: IDLE {"metadata":{"emulator":{"name":"functions"},"function":{"name":"us-central1-api"},"extension":{},"message":"[worker-us-central1-api-b2084b81-99b3-4d94-ae3d-eb4abda19cdc]: IDLE"}}
[debug] [2024-12-02T14:33:26.685Z] Finishing up request with event=finish {"metadata":{"emulator":{"name":"functions"},"function":{"name":"us-central1-api"},"extension":{},"message":"Finishing up request with event=finish"}}
[debug] [2024-12-02T14:33:26.685Z] Finishing up request with event=close {"metadata":{"emulator":{"name":"functions"},"function":{"name":"us-central1-api"},"extension":{},"message":"Finishing up request with event=close"}}
[debug] [2024-12-02T14:33:26.686Z] [work-queue] {"queuedWork":[],"queueLength":0,"runningWork":[],"workRunningCount":0}
[debug] [2024-12-02T14:33:26.906Z] Functions emulator received unknown request at path /favicon.ico
