[debug] [2024-12-16T13:37:14.315Z] ----------------------------------------------------------------------
[debug] [2024-12-16T13:37:14.318Z] Command:       C:\Users\Local Admin\.nvm\versions\node\v18.20.5\bin\node.exe C:\Users\Local Admin\.nvm\versions\node\v18.20.5\bin\node_modules\firebase-tools\lib\bin\firebase.js emulators:start --debug
[debug] [2024-12-16T13:37:14.319Z] CLI Version:   13.27.0
[debug] [2024-12-16T13:37:14.319Z] Platform:      win32
[debug] [2024-12-16T13:37:14.319Z] Node Version:  v18.20.5
[debug] [2024-12-16T13:37:14.320Z] Time:          Mon Dec 16 2024 16:37:14 GMT+0300 (East Africa Time)
[debug] [2024-12-16T13:37:14.320Z] ----------------------------------------------------------------------
[debug] 
[debug] [2024-12-16T13:37:14.505Z] > command requires scopes: ["email","openid","https://www.googleapis.com/auth/cloudplatformprojects.readonly","https://www.googleapis.com/auth/firebase","https://www.googleapis.com/auth/cloud-platform"]
[debug] [2024-12-16T13:37:14.507Z] > authorizing via signed-in user (abebaw1616@gmail.com)
[info] i  emulators: Starting emulators: functions, extensions {"metadata":{"emulator":{"name":"hub"},"message":"Starting emulators: functions, extensions"}}
[debug] [2024-12-16T13:37:14.514Z] Checked if tokens are valid: true, expires at: 1734358686483
[debug] [2024-12-16T13:37:14.515Z] Checked if tokens are valid: true, expires at: 1734358686483
[debug] [2024-12-16T13:37:14.517Z] >>> [apiv2][query] GET https://cloudresourcemanager.googleapis.com/v1/projects/clon-2024 [none]
[debug] [2024-12-16T13:37:16.387Z] <<< [apiv2][status] GET https://cloudresourcemanager.googleapis.com/v1/projects/clon-2024 200
[debug] [2024-12-16T13:37:16.389Z] <<< [apiv2][body] GET https://cloudresourcemanager.googleapis.com/v1/projects/clon-2024 {"projectNumber":"642541825167","projectId":"clon-2024","lifecycleState":"ACTIVE","name":"amazon-clone-2024","labels":{"firebase":"enabled"},"createTime":"2024-11-19T12:57:40.168076Z"}
[debug] [2024-12-16T13:37:16.449Z] [logging] Logging Emulator only supports listening on one address (127.0.0.1). Not listening on ::1
[debug] [2024-12-16T13:37:16.451Z] assigned listening specs for emulators {"user":{"hub":[{"address":"127.0.0.1","family":"IPv4","port":4400},{"address":"::1","family":"IPv6","port":4400}],"ui":[{"address":"127.0.0.1","family":"IPv4","port":4000},{"address":"::1","family":"IPv6","port":4000}],"logging":[{"address":"127.0.0.1","family":"IPv4","port":4500}]},"metadata":{"message":"assigned listening specs for emulators"}}
[debug] [2024-12-16T13:37:16.464Z] [hub] writing locator at C:\Users\LOCALA~1\AppData\Local\Temp\hub-clon-2024.json
[debug] [2024-12-16T13:37:16.480Z] [Extensions] Started Extensions emulator, this is a noop.
[debug] [2024-12-16T13:37:16.490Z] [functions] Functions Emulator only supports listening on one address (127.0.0.1). Not listening on ::1
[debug] [2024-12-16T13:37:16.490Z] [eventarc] Eventarc Emulator only supports listening on one address (127.0.0.1). Not listening on ::1
[debug] [2024-12-16T13:37:16.491Z] [tasks] Cloud Tasks Emulator only supports listening on one address (127.0.0.1). Not listening on ::1
[debug] [2024-12-16T13:37:16.491Z] late-assigned ports for functions and eventarc emulators {"user":{"hub":[{"address":"127.0.0.1","family":"IPv4","port":4400},{"address":"::1","family":"IPv6","port":4400}],"ui":[{"address":"127.0.0.1","family":"IPv4","port":4000},{"address":"::1","family":"IPv6","port":4000}],"logging":[{"address":"127.0.0.1","family":"IPv4","port":4500}],"functions":[{"address":"127.0.0.1","family":"IPv4","port":5001}],"eventarc":[{"address":"127.0.0.1","family":"IPv4","port":9299}],"tasks":[{"address":"127.0.0.1","family":"IPv4","port":9499}]},"metadata":{"message":"late-assigned ports for functions and eventarc emulators"}}
[warn] !  functions: The following emulators are not running, calls to these services from the Functions emulator will affect production: apphosting, auth, firestore, database, hosting, pubsub, storage, dataconnect {"metadata":{"emulator":{"name":"functions"},"message":"The following emulators are not running, calls to these services from the Functions emulator will affect production: \u001b[1mapphosting, auth, firestore, database, hosting, pubsub, storage, dataconnect\u001b[22m"}}
[debug] [2024-12-16T13:37:16.505Z] defaultcredentials: writing to file C:\Users\Local Admin\AppData\Roaming\firebase\abebaw1616_gmail_com_application_default_credentials.json
[debug] [2024-12-16T13:37:16.511Z] Setting GAC to C:\Users\Local Admin\AppData\Roaming\firebase\abebaw1616_gmail_com_application_default_credentials.json {"metadata":{"emulator":{"name":"functions"},"message":"Setting GAC to C:\\Users\\Local Admin\\AppData\\Roaming\\firebase\\abebaw1616_gmail_com_application_default_credentials.json"}}
[debug] [2024-12-16T13:37:16.512Z] Checked if tokens are valid: true, expires at: 1734358686483
[debug] [2024-12-16T13:37:16.513Z] Checked if tokens are valid: true, expires at: 1734358686483
[debug] [2024-12-16T13:37:16.513Z] >>> [apiv2][query] GET https://firebase.googleapis.com/v1beta1/projects/clon-2024/adminSdkConfig [none]
[debug] [2024-12-16T13:37:17.167Z] <<< [apiv2][status] GET https://firebase.googleapis.com/v1beta1/projects/clon-2024/adminSdkConfig 200
[debug] [2024-12-16T13:37:17.168Z] <<< [apiv2][body] GET https://firebase.googleapis.com/v1beta1/projects/clon-2024/adminSdkConfig {"projectId":"clon-2024","databaseURL":"https://clon-2024-default-rtdb.firebaseio.com","storageBucket":"clon-2024.firebasestorage.app"}
[debug] [2024-12-16T13:37:17.247Z] [Extensions] Connecting Extensions emulator, this is a noop.
[info] i  functions: Watching "C:\Users\Local Admin\Desktop\amazon\Amazon-Clone-2024\amazon-clone-2024\functions" for Cloud Functions... {"metadata":{"emulator":{"name":"functions"},"message":"Watching \"C:\\Users\\Local Admin\\Desktop\\amazon\\Amazon-Clone-2024\\amazon-clone-2024\\functions\" for Cloud Functions..."}}
[debug] [2024-12-16T13:37:17.265Z] Validating nodejs source
[debug] [2024-12-16T13:37:19.944Z] > [functions] package.json contents: {
  "name": "functions",
  "description": "Cloud Functions for Firebase",
  "scripts": {
    "lint": "eslint .",
    "serve": "firebase emulators:start --only functions",
    "shell": "firebase functions:shell",
    "start": "npm run shell",
    "deploy": "firebase deploy --only functions",
    "logs": "firebase functions:log"
  },
  "engines": {
    "node": "18"
  },
  "main": "index.js",
  "dependencies": {
    "cors": "^2.8.5",
    "dotenv": "^16.4.5",
    "express": "^4.21.1",
    "firebase-admin": "^12.6.0",
    "firebase-functions": "^6.1.2",
    "stripe": "^17.4.0"
  },
  "devDependencies": {
    "eslint": "^8.15.0",
    "eslint-config-google": "^0.14.0",
    "firebase-functions-test": "^3.1.0"
  },
  "private": true
}
[debug] [2024-12-16T13:37:19.945Z] Building nodejs source
[debug] [2024-12-16T13:37:19.946Z] Failed to find version of module node: reached end of search path C:\Users\Local Admin\Desktop\amazon\Amazon-Clone-2024\amazon-clone-2024\functions\node_modules
[info] +  functions: Using node@18 from host. 
[info] i  functions: Loaded environment variables from .env. 
[debug] [2024-12-16T13:37:19.956Z] Could not find functions.yaml. Must use http discovery
[debug] [2024-12-16T13:37:19.974Z] Found firebase-functions binary at 'C:\Users\Local Admin\Desktop\amazon\Amazon-Clone-2024\amazon-clone-2024\functions\node_modules\.bin\firebase-functions'
[info] Serving at port 8419

[debug] [2024-12-16T13:37:21.236Z] Got response from /__/functions.yaml {"endpoints":{"api":{"availableMemoryMb":null,"timeoutSeconds":null,"minInstances":null,"maxInstances":null,"ingressSettings":null,"concurrency":null,"serviceAccountEmail":null,"vpc":null,"platform":"gcfv2","labels":{},"httpsTrigger":{},"entryPoint":"api"}},"specVersion":"v1alpha1","requiredAPIs":[],"extensions":{}}
[debug] [2024-12-16T13:37:21.303Z] defaultcredentials: writing to file C:\Users\Local Admin\AppData\Roaming\firebase\abebaw1616_gmail_com_application_default_credentials.json
[debug] [2024-12-16T13:37:21.305Z] Setting GAC to C:\Users\Local Admin\AppData\Roaming\firebase\abebaw1616_gmail_com_application_default_credentials.json {"metadata":{"emulator":{"name":"functions"},"message":"Setting GAC to C:\\Users\\Local Admin\\AppData\\Roaming\\firebase\\abebaw1616_gmail_com_application_default_credentials.json"}}
[info] +  functions: Loaded functions definitions from source: api. {"metadata":{"emulator":{"name":"functions"},"message":"Loaded functions definitions from source: api."}}
[info] +  functions[us-central1-api]: http function initialized (http://127.0.0.1:5001/clon-2024/us-central1/api). {"metadata":{"emulator":{"name":"functions"},"message":"\u001b[1mhttp\u001b[22m function initialized (http://127.0.0.1:5001/clon-2024/us-central1/api)."}}
[debug] [2024-12-16T13:37:21.320Z] Could not find VSCode notification endpoint: FetchError: request to http://localhost:40001/vscode/notify failed, reason: connect ECONNREFUSED ::1:40001. If you are not running the Firebase Data Connect VSCode extension, this is expected and not an issue.
[info] 
┌─────────────────────────────────────────────────────────────┐
│ ✔  All emulators ready! It is now safe to connect your app. │
│ i  View Emulator UI at http://127.0.0.1:4000/               │
└─────────────────────────────────────────────────────────────┘

┌────────────┬────────────────┬──────────────────────────────────┐
│ Emulator   │ Host:Port      │ View in Emulator UI              │
├────────────┼────────────────┼──────────────────────────────────┤
│ Functions  │ 127.0.0.1:5001 │ http://127.0.0.1:4000/functions  │
├────────────┼────────────────┼──────────────────────────────────┤
│ Extensions │ 127.0.0.1:5001 │ http://127.0.0.1:4000/extensions │
└────────────┴────────────────┴──────────────────────────────────┘
  Emulator Hub running at 127.0.0.1:4400
  Other reserved ports: 4500
┌─────────────────────────┬───────────────┬─────────────────────┐
│ Extension Instance Name │ Extension Ref │ View in Emulator UI │
└─────────────────────────┴───────────────┴─────────────────────┘
Issues? Report them at https://github.com/firebase/firebase-tools/issues and attach the *-debug.log files.
 
[debug] [2024-12-16T13:58:39.559Z] Received signal SIGINT (Ctrl-C) 1
[info]  
[info] i  emulators: Received SIGINT (Ctrl-C) for the first time. Starting a clean shutdown. 
[info] i  emulators: Please wait for a clean shutdown or send the SIGINT (Ctrl-C) signal again to stop right now. 
[info] i  emulators: Shutting down emulators. {"metadata":{"emulator":{"name":"hub"},"message":"Shutting down emulators."}}
[info] i  ui: Stopping Emulator UI {"metadata":{"emulator":{"name":"ui"},"message":"Stopping Emulator UI"}}
[info] i  extensions: Stopping Extensions Emulator {"metadata":{"emulator":{"name":"extensions"},"message":"Stopping Extensions Emulator"}}
[debug] [2024-12-16T13:58:39.575Z] [Extensions] Stopping Extensions emulator, this is a noop.
[info] i  functions: Stopping Functions Emulator {"metadata":{"emulator":{"name":"functions"},"message":"Stopping Functions Emulator"}}
[info] i  eventarc: Stopping Eventarc Emulator {"metadata":{"emulator":{"name":"eventarc"},"message":"Stopping Eventarc Emulator"}}
[info] i  tasks: Stopping Cloud Tasks Emulator {"metadata":{"emulator":{"name":"tasks"},"message":"Stopping Cloud Tasks Emulator"}}
[info] i  hub: Stopping emulator hub {"metadata":{"emulator":{"name":"hub"},"message":"Stopping emulator hub"}}
[info] i  logging: Stopping Logging Emulator {"metadata":{"emulator":{"name":"logging"},"message":"Stopping Logging Emulator"}}
[debug] [2024-12-16T13:58:39.596Z] Could not find VSCode notification endpoint: FetchError: request to http://localhost:40001/vscode/notify failed, reason: connect ECONNREFUSED ::1:40001. If you are not running the Firebase Data Connect VSCode extension, this is expected and not an issue.
